2021-09-27 17:06:29,353:INFO:PyCaret Supervised Module
2021-09-27 17:06:29,354:INFO:ML Usecase: regression
2021-09-27 17:06:29,354:INFO:version 2.3.4
2021-09-27 17:06:29,355:INFO:Initializing setup()
2021-09-27 17:06:29,355:INFO:setup(target=주차면수대비등록확률, ml_usecase=regression, available_plots={'parameter': 'Hyperparameters', 'residuals': 'Residuals', 'error': 'Prediction Error', 'cooks': 'Cooks Distance', 'rfe': 'Feature Selection', 'learning': 'Learning Curve', 'manifold': 'Manifold Learning', 'vc': 'Validation Curve', 'feature': 'Feature Importance', 'feature_all': 'Feature Importance (All)', 'tree': 'Decision Tree', 'residuals_interactive': 'Interactive Residuals'}, train_size=0.7, test_data=None, preprocess=True, imputation_type=simple, iterative_imputation_iters=5, categorical_features=None, categorical_imputation=constant, categorical_iterative_imputer=lightgbm, ordinal_features=None, high_cardinality_features=None, high_cardinality_method=frequency, numeric_features=['총세대수', '공가수', '미성년자', '도보 10분거리 내 지하철역 수(환승노선 수 반영)', '도보 10분거리 내 버스정류장 수', '단지내주차면수', '전용면적별세대수 평균', '임대보증금 평균', '임대료 평균', '공공임대(10년)_A', '공공임대(50년)_A', '공공임대(분납)_A', '국민임대_A', '국민임대_E', '국민임대_G', '국민임대_H', '영구임대_C', '영구임대_I', '임대상가_D', '행복주택_J', '행복주택_K', '행복주택_L', '행복주택_M', '행복주택_N', '강원도', '경기도', '경상남도', '경상북도', '광주광역시', '대구광역시', '대전광역시', '부산광역시', '세종특별자치시', '울산광역시', '전라남도', '전라북도', '제주특별자치도', '충청남도', '충청북도', '전용면적_12.0', '전용면적_14.0', '전용면적_16.0', '전용면적_18.0', '전용면적_20.0', '전용면적_22.0', '전용면적_24.0', '전용면적_26.0', '전용면적_28.0', '전용면적_30.0', '전용면적_32.0', '전용면적_34.0', '전용면적_36.0', '전용면적_38.0', '전용면적_40.0', '전용면적_42.0', '전용면적_44.0', '전용면적_46.0', '전용면적_48.0', '전용면적_50.0', '전용면적_54.0', '전용면적_58.0', '전용면적_60.0', '전용면적_74.0', '전용면적_82.0', '전용면적_84.0', '전용면적_240.0', '전용면적_248.0', '전용면적_400.0', '전용면적_404.0', '전용면적_582.0', '실거주율', '대중교통현황', '주차면수/총세대', '총세대수log', '단지내주차면수log', '단지내주차면수/100', '버스지하철log', '전용면적별세대수 평균 log', '임대보증금 평균 log', '임대료 평균 log'], numeric_imputation=mean, numeric_iterative_imputer=lightgbm, date_features=None, ignore_features=None, normalize=True, normalize_method=zscore, transformation=False, transformation_method=yeo-johnson, handle_unknown_categorical=True, unknown_categorical_method=least_frequent, pca=False, pca_method=linear, pca_components=None, ignore_low_variance=True, combine_rare_levels=True, rare_level_threshold=0.05, bin_numeric_features=None, remove_outliers=False, outliers_threshold=0.05, remove_multicollinearity=True, multicollinearity_threshold=0.9, remove_perfect_collinearity=True, create_clusters=False, cluster_iter=20, polynomial_features=False, polynomial_degree=2, trigonometry_features=False, polynomial_threshold=0.1, group_features=None, group_names=None, feature_selection=False, feature_selection_threshold=0.8, feature_selection_method=classic, feature_interaction=False, feature_ratio=False, interaction_threshold=0.01, fix_imbalance=False, fix_imbalance_method=None, transform_target=False, transform_target_method=box-cox, data_split_shuffle=True, data_split_stratify=False, fold_strategy=kfold, fold=10, fold_shuffle=True, fold_groups=None, n_jobs=-1, use_gpu=False, custom_pipeline=None, html=True, session_id=201, log_experiment=False, experiment_name=None, log_plots=False, log_profile=False, log_data=False, silent=True, verbose=True, profile=False, profile_kwargs=None, display=None)
2021-09-27 17:06:29,402:INFO:Checking environment
2021-09-27 17:06:29,402:INFO:python_version: 3.7.7
2021-09-27 17:06:29,403:INFO:python_build: ('default', 'May  6 2020 11:45:54')
2021-09-27 17:06:29,404:INFO:machine: AMD64
2021-09-27 17:06:29,405:INFO:platform: Windows-10-10.0.19041-SP0
2021-09-27 17:06:29,405:INFO:Memory: svmem(total=8395259904, available=1629392896, percent=80.6, used=6765867008, free=1629392896)
2021-09-27 17:06:29,406:INFO:Physical Core: 4
2021-09-27 17:06:29,407:INFO:Logical Core: 8
2021-09-27 17:06:29,407:INFO:Checking libraries
2021-09-27 17:06:29,407:INFO:pd==1.0.5
2021-09-27 17:06:29,409:INFO:numpy==1.19.5
2021-09-27 17:06:29,409:INFO:sklearn==0.23.2
2021-09-27 17:06:29,410:INFO:lightgbm==3.2.1
2021-09-27 17:06:29,754:INFO:catboost==0.26.1
2021-09-27 17:06:29,914:INFO:xgboost==0.90
2021-09-27 17:06:33,680:INFO:mlflow==1.20.2
2021-09-27 17:06:33,682:INFO:Checking Exceptions
2021-09-27 17:06:33,683:INFO:Declaring global variables
2021-09-27 17:06:33,683:INFO:USI: d5d1
2021-09-27 17:06:33,684:INFO:pycaret_globals: {'n_jobs_param', '_all_models_internal', '_all_metrics', 'USI', 'X_test', '_ml_usecase', '_all_models', 'transform_target_param', 'master_model_container', 'transform_target_method_param', 'X', 'X_train', 'fix_imbalance_param', 'data_before_preprocess', 'logging_param', 'gpu_param', 'fold_param', 'imputation_classifier', 'html_param', 'seed', 'exp_name_log', '_internal_pipeline', 'fix_imbalance_method_param', 'y_train', 'fold_shuffle_param', 'fold_generator', 'fold_groups_param_full', 'create_model_container', 'display_container', '_available_plots', 'target_param', 'log_plots_param', 'prep_pipe', 'y_test', 'stratify_param', 'imputation_regressor', '_gpu_n_jobs_param', 'iterative_imputation_iters_param', 'pycaret_globals', 'fold_groups_param', 'experiment__', 'y'}
2021-09-27 17:06:33,684:INFO:Preparing display monitor
2021-09-27 17:06:33,685:INFO:Preparing display monitor
2021-09-27 17:06:33,745:INFO:Importing libraries
2021-09-27 17:06:33,746:INFO:Copying data for preprocessing
2021-09-27 17:06:33,801:INFO:Declaring preprocessing parameters
2021-09-27 17:06:33,812:INFO:Creating preprocessing pipeline
2021-09-27 17:06:33,847:INFO:Preprocessing pipeline created successfully
2021-09-27 17:06:33,848:ERROR:(Process Exit): setup has been interupted with user command 'quit'. setup must rerun.
2021-09-27 17:06:33,848:INFO:Creating global containers
2021-09-27 17:06:33,900:INFO:Internal pipeline: Pipeline(memory=None, steps=[('empty_step', 'passthrough')], verbose=False)
2021-09-27 17:07:03,373:INFO:PyCaret Supervised Module
2021-09-27 17:07:03,373:INFO:ML Usecase: regression
2021-09-27 17:07:03,373:INFO:version 2.3.4
2021-09-27 17:07:03,374:INFO:Initializing setup()
2021-09-27 17:07:03,374:INFO:setup(target=주차면수대비등록확률, ml_usecase=regression, available_plots={'parameter': 'Hyperparameters', 'residuals': 'Residuals', 'error': 'Prediction Error', 'cooks': 'Cooks Distance', 'rfe': 'Feature Selection', 'learning': 'Learning Curve', 'manifold': 'Manifold Learning', 'vc': 'Validation Curve', 'feature': 'Feature Importance', 'feature_all': 'Feature Importance (All)', 'tree': 'Decision Tree', 'residuals_interactive': 'Interactive Residuals'}, train_size=0.7, test_data=None, preprocess=True, imputation_type=simple, iterative_imputation_iters=5, categorical_features=None, categorical_imputation=constant, categorical_iterative_imputer=lightgbm, ordinal_features=None, high_cardinality_features=None, high_cardinality_method=frequency, numeric_features=['총세대수', '공가수', '미성년자', '도보 10분거리 내 지하철역 수(환승노선 수 반영)', '도보 10분거리 내 버스정류장 수', '단지내주차면수', '전용면적별세대수 평균', '임대보증금 평균', '임대료 평균', '공공임대(10년)_A', '공공임대(50년)_A', '공공임대(분납)_A', '국민임대_A', '국민임대_E', '국민임대_G', '국민임대_H', '영구임대_C', '영구임대_I', '임대상가_D', '행복주택_J', '행복주택_K', '행복주택_L', '행복주택_M', '행복주택_N', '강원도', '경기도', '경상남도', '경상북도', '광주광역시', '대구광역시', '대전광역시', '부산광역시', '세종특별자치시', '울산광역시', '전라남도', '전라북도', '제주특별자치도', '충청남도', '충청북도', '전용면적_12.0', '전용면적_14.0', '전용면적_16.0', '전용면적_18.0', '전용면적_20.0', '전용면적_22.0', '전용면적_24.0', '전용면적_26.0', '전용면적_28.0', '전용면적_30.0', '전용면적_32.0', '전용면적_34.0', '전용면적_36.0', '전용면적_38.0', '전용면적_40.0', '전용면적_42.0', '전용면적_44.0', '전용면적_46.0', '전용면적_48.0', '전용면적_50.0', '전용면적_54.0', '전용면적_58.0', '전용면적_60.0', '전용면적_74.0', '전용면적_82.0', '전용면적_84.0', '전용면적_240.0', '전용면적_248.0', '전용면적_400.0', '전용면적_404.0', '전용면적_582.0', '실거주율', '대중교통현황', '주차면수/총세대', '총세대수log', '단지내주차면수log', '단지내주차면수/100', '버스지하철log', '전용면적별세대수 평균 log', '임대보증금 평균 log', '임대료 평균 log'], numeric_imputation=mean, numeric_iterative_imputer=lightgbm, date_features=None, ignore_features=None, normalize=True, normalize_method=zscore, transformation=False, transformation_method=yeo-johnson, handle_unknown_categorical=True, unknown_categorical_method=least_frequent, pca=False, pca_method=linear, pca_components=None, ignore_low_variance=True, combine_rare_levels=True, rare_level_threshold=0.05, bin_numeric_features=None, remove_outliers=False, outliers_threshold=0.05, remove_multicollinearity=True, multicollinearity_threshold=0.9, remove_perfect_collinearity=True, create_clusters=False, cluster_iter=20, polynomial_features=False, polynomial_degree=2, trigonometry_features=False, polynomial_threshold=0.1, group_features=None, group_names=None, feature_selection=False, feature_selection_threshold=0.8, feature_selection_method=classic, feature_interaction=False, feature_ratio=False, interaction_threshold=0.01, fix_imbalance=False, fix_imbalance_method=None, transform_target=False, transform_target_method=box-cox, data_split_shuffle=True, data_split_stratify=False, fold_strategy=kfold, fold=10, fold_shuffle=True, fold_groups=None, n_jobs=-1, use_gpu=False, custom_pipeline=None, html=True, session_id=201, log_experiment=False, experiment_name=None, log_plots=False, log_profile=False, log_data=False, silent=False, verbose=True, profile=False, profile_kwargs=None, display=None)
2021-09-27 17:07:03,375:INFO:Checking environment
2021-09-27 17:07:03,375:INFO:python_version: 3.7.7
2021-09-27 17:07:03,375:INFO:python_build: ('default', 'May  6 2020 11:45:54')
2021-09-27 17:07:03,375:INFO:machine: AMD64
2021-09-27 17:07:03,375:INFO:platform: Windows-10-10.0.19041-SP0
2021-09-27 17:07:03,376:INFO:Memory: svmem(total=8395259904, available=1631793152, percent=80.6, used=6763466752, free=1631793152)
2021-09-27 17:07:03,376:INFO:Physical Core: 4
2021-09-27 17:07:03,376:INFO:Logical Core: 8
2021-09-27 17:07:03,376:INFO:Checking libraries
2021-09-27 17:07:03,377:INFO:pd==1.0.5
2021-09-27 17:07:03,377:INFO:numpy==1.19.5
2021-09-27 17:07:03,377:INFO:sklearn==0.23.2
2021-09-27 17:07:03,377:INFO:lightgbm==3.2.1
2021-09-27 17:07:03,378:INFO:catboost==0.26.1
2021-09-27 17:07:03,378:INFO:xgboost==0.90
2021-09-27 17:07:03,378:INFO:mlflow==1.20.2
2021-09-27 17:07:03,378:INFO:Checking Exceptions
2021-09-27 17:07:03,379:INFO:Declaring global variables
2021-09-27 17:07:03,379:INFO:USI: 9b46
2021-09-27 17:07:03,379:INFO:pycaret_globals: {'n_jobs_param', '_all_models_internal', '_all_metrics', 'USI', 'X_test', '_ml_usecase', '_all_models', 'transform_target_param', 'master_model_container', 'transform_target_method_param', 'X', 'X_train', 'fix_imbalance_param', 'data_before_preprocess', 'logging_param', 'gpu_param', 'fold_param', 'imputation_classifier', 'html_param', 'seed', 'exp_name_log', '_internal_pipeline', 'fix_imbalance_method_param', 'y_train', 'fold_shuffle_param', 'fold_generator', 'fold_groups_param_full', 'create_model_container', 'display_container', '_available_plots', 'target_param', 'log_plots_param', 'prep_pipe', 'y_test', 'stratify_param', 'imputation_regressor', '_gpu_n_jobs_param', 'iterative_imputation_iters_param', 'pycaret_globals', 'fold_groups_param', 'experiment__', 'y'}
2021-09-27 17:07:03,379:INFO:Preparing display monitor
2021-09-27 17:07:03,380:INFO:Preparing display monitor
2021-09-27 17:07:03,415:INFO:Importing libraries
2021-09-27 17:07:03,416:INFO:Copying data for preprocessing
2021-09-27 17:07:03,443:INFO:Declaring preprocessing parameters
2021-09-27 17:07:03,448:INFO:Creating preprocessing pipeline
2021-09-27 17:07:03,461:INFO:Preprocessing pipeline created successfully
2021-09-27 17:07:03,462:ERROR:(Process Exit): setup has been interupted with user command 'quit'. setup must rerun.
2021-09-27 17:07:03,462:INFO:Creating global containers
2021-09-27 17:07:03,464:INFO:Internal pipeline: Pipeline(memory=None, steps=[('empty_step', 'passthrough')], verbose=False)
